<?xml version="1.0" encoding="UTF-8"?>
<!-- Generated by org.testng.reporters.JUnitReportReporter -->
<testsuite hostname="MT-PF1N50E4" failures="0" tests="1" name="Runner.TestCase6" time="11.163" errors="0" timestamp="2022-07-30T15:33:01 IST" skipped="0">
  <testcase classname="Runner.TestCase6" name="test" time="11.163"/>
  <system-out/>
</testsuite> <!-- Runner.TestCase6 -->
