<?xml version="1.0" encoding="UTF-8"?>
<!-- Generated by org.testng.reporters.JUnitReportReporter -->
<testsuite hostname="MT-PF1N50E4" failures="0" tests="1" name="Runner.TestCase3" time="2.364" errors="0" timestamp="2022-07-30T15:30:15 IST" skipped="0">
  <testcase classname="Runner.TestCase3" name="test" time="2.364"/>
  <system-out/>
</testsuite> <!-- Runner.TestCase3 -->
