<?xml version="1.0" encoding="UTF-8"?>
<!-- Generated by org.testng.reporters.JUnitReportReporter -->
<testsuite hostname="MT-PF1N50E4" failures="0" tests="1" name="Runner.TestCase1" time="1.235" errors="0" timestamp="2022-07-30T15:28:49 IST" skipped="0">
  <testcase classname="Runner.TestCase1" name="test" time="1.235"/>
  <system-out/>
</testsuite> <!-- Runner.TestCase1 -->
