<?xml version="1.0" encoding="UTF-8"?>
<!-- Generated by org.testng.reporters.JUnitReportReporter -->
<testsuite hostname="MT-PF1N50E4" failures="0" tests="1" name="Utility.ScreenShot" time="8.094" errors="0" timestamp="2022-07-28T08:19:50 IST" skipped="0">
  <testcase classname="Utility.ScreenShot" name="f" time="8.094"/>
  <system-out/>
</testsuite> <!-- Utility.ScreenShot -->
