<?xml version="1.0" encoding="UTF-8"?>
<!-- Generated by org.testng.reporters.JUnitReportReporter -->
<testsuite hostname="MT-PF1N50E4" failures="0" tests="1" name="Runner.TestCase7" time="10.967" errors="0" timestamp="2022-07-30T15:34:00 IST" skipped="0">
  <testcase classname="Runner.TestCase7" name="test" time="10.967"/>
  <system-out/>
</testsuite> <!-- Runner.TestCase7 -->
