<?xml version="1.0" encoding="UTF-8"?>
<!-- Generated by org.testng.reporters.JUnitReportReporter -->
<testsuite hostname="MT-PF1N50E4" failures="0" tests="1" name="Runner.TestCase9" time="2.444" errors="0" timestamp="2022-07-30T15:35:26 IST" skipped="0">
  <testcase classname="Runner.TestCase9" name="test" time="2.444"/>
  <system-out/>
</testsuite> <!-- Runner.TestCase9 -->
