<?xml version="1.0" encoding="UTF-8"?>
<!-- Generated by org.testng.reporters.JUnitReportReporter -->
<testsuite hostname="MT-PF1N50E4" failures="0" tests="1" name="Runner.TestCase4" time="0.946" errors="0" timestamp="2022-07-30T15:30:46 IST" skipped="0">
  <testcase classname="Runner.TestCase4" name="test" time="0.946"/>
  <system-out/>
</testsuite> <!-- Runner.TestCase4 -->
