<?xml version="1.0" encoding="UTF-8"?>
<!-- Generated by org.testng.reporters.JUnitReportReporter -->
<testsuite hostname="MT-PF1N50E4" failures="0" tests="1" name="Runner.TestCase8" time="2.515" errors="0" timestamp="2022-07-30T15:34:51 IST" skipped="0">
  <testcase classname="Runner.TestCase8" name="test" time="2.515"/>
  <system-out/>
</testsuite> <!-- Runner.TestCase8 -->
