<?xml version="1.0" encoding="UTF-8"?>
<!-- Generated by org.testng.reporters.JUnitReportReporter -->
<testsuite hostname="MT-PF1N50E4" failures="0" tests="1" name="Runner.TestCase2" time="12.220" errors="0" timestamp="2022-07-30T15:29:42 IST" skipped="0">
  <testcase classname="Runner.TestCase2" name="test" time="12.220"/>
  <system-out/>
</testsuite> <!-- Runner.TestCase2 -->
