<?xml version="1.0" encoding="UTF-8"?>
<!-- Generated by org.testng.reporters.JUnitReportReporter -->
<testsuite hostname="MT-PF1N50E4" failures="0" tests="1" name="Runner.TestCase10" time="0.787" errors="0" timestamp="2022-07-30T15:35:59 IST" skipped="0">
  <testcase classname="Runner.TestCase10" name="test" time="0.787"/>
  <system-out/>
</testsuite> <!-- Runner.TestCase10 -->
